<?xml version="1.0" encoding="UTF-8"?>
<testsuite xmlns:xsi="http://www.w3.org/2001/XMLSchema-instance" xsi:noNamespaceSchemaLocation="https://maven.apache.org/surefire/maven-surefire-plugin/xsd/surefire-test-report-3.0.xsd" version="3.0" name="com.api.filter.FilterTest" time="0.106" tests="21" errors="0" skipped="0" failures="0">
  <properties>
[...]
</properties>
  <testcase name="testToString" classname="com.api.filter.FilterTest" time="0.015"/>
  <testcase name="testGreaterThanFilter" classname="com.api.filter.FilterTest" time="0.0"/>
  <testcase name="testRegexFilterWithNullRegex" classname="com.api.filter.FilterTest" time="0.0"/>
  <testcase name="testEqualsFilter" classname="com.api.filter.FilterTest" time="0.0"/>
  <testcase name="testPresentFilterWithEmptyPropertyName" classname="com.api.filter.FilterTest" time="0.0"/>
  <testcase name="testAndFilterWithEmptyFilters" classname="com.api.filter.FilterTest" time="0.001"/>
  <testcase name="testComplexFilterCombinations" classname="com.api.filter.FilterTest" time="0.001"/>
  <testcase name="testAndFilter" classname="com.api.filter.FilterTest" time="0.0"/>
  <testcase name="testRegexFilterWithInvalidRegex" classname="com.api.filter.FilterTest" time="0.001"/>
  <testcase name="testPresentFilterWithInvalidPropertyName" classname="com.api.filter.FilterTest" time="0.0"/>
  <testcase name="testEqualsFilterWithNullValue" classname="com.api.filter.FilterTest" time="0.001"/>
  <testcase name="testOrFilter" classname="com.api.filter.FilterTest" time="0.0"/>
  <testcase name="testPresentFilter" classname="com.api.filter.FilterTest" time="0.0"/>
  <testcase name="testBooleanLiterals" classname="com.api.filter.FilterTest" time="0.001"/>
  <testcase name="testGreaterThanFilterWithNonNumericValue" classname="com.api.filter.FilterTest" time="0.0"/>
  <testcase name="testNotFilter" classname="com.api.filter.FilterTest" time="0.001"/>
  <testcase name="testAndFilterWithNullFilters" classname="com.api.filter.FilterTest" time="0.002"/>
  <testcase name="testAndFilterWithNullFilter" classname="com.api.filter.FilterTest" time="0.0"/>
  <testcase name="testLessThanFilter" classname="com.api.filter.FilterTest" time="0.0"/>
  <testcase name="testRegexFilter" classname="com.api.filter.FilterTest" time="0.0"/>
  <testcase name="testNotFilterWithNullFilter" classname="com.api.filter.FilterTest" time="0.002"/>
</testsuite>